<?xml version="1.0" encoding="UTF-8"?>
<!-- Generated by org.testng.reporters.JUnitReportReporter -->
<testsuite hostname="Admin" failures="0" tests="1" name="com.BriqTest.FileDownloadUpload" time="8.644" errors="0" timestamp="2023-09-02T02:01:24 IST" skipped="0">
  <testcase classname="com.BriqTest.FileDownloadUpload" name="download" time="8.644"/>
</testsuite> <!-- com.BriqTest.FileDownloadUpload -->
