<?xml version="1.0" encoding="UTF-8"?>
<!-- Generated by org.testng.reporters.JUnitReportReporter -->
<testsuite hostname="Admin" failures="0" tests="1" name="com.BriqTest.test" time="23.638" errors="0" timestamp="2023-09-02T20:11:03 IST" skipped="0">
  <testcase classname="com.BriqTest.test" name="testmethod" time="23.638"/>
</testsuite> <!-- com.BriqTest.test -->
