<?xml version="1.0" encoding="UTF-8"?>
<!-- Generated by org.testng.reporters.JUnitReportReporter -->
<testsuite hostname="Admin" failures="0" tests="1" name="com.BriqTest.FetchUELData" time="41.077" errors="0" timestamp="2023-09-03T10:40:39 IST" skipped="0">
  <testcase classname="com.BriqTest.FetchUELData" name="fetchData" time="41.077"/>
</testsuite> <!-- com.BriqTest.FetchUELData -->
